<?xml version="1.0" encoding="UTF-8"?>
<!-- Generated by org.testng.reporters.JUnitReportReporter -->
<testsuite hostname="Nikki" failures="0" tests="3" name="org.smokeandregressionpractice2.test.Class2Practice" time="0.006" errors="0" timestamp="2022-08-17T16:06:59 IST" skipped="0">
  <testcase classname="org.smokeandregressionpractice2.test.Class2Practice" name="test2" time="0.000"/>
  <system-out/>
  <testcase classname="org.smokeandregressionpractice2.test.Class2Practice" name="test3" time="0.001"/>
  <system-out/>
  <testcase classname="org.smokeandregressionpractice2.test.Class2Practice" name="test1" time="0.005"/>
  <system-out/>
</testsuite> <!-- org.smokeandregressionpractice2.test.Class2Practice -->
