<?xml version="1.0" encoding="UTF-8"?>
<!-- Generated by org.testng.reporters.JUnitReportReporter -->
<testsuite hostname="Nikki" failures="0" tests="3" name="org.smokeandregressionpractice.test.Class2Practice" time="33.549" errors="0" timestamp="2022-08-18T12:35:07 IST" skipped="0">
  <testcase classname="org.smokeandregressionpractice.test.Class2Practice" name="test1" time="8.944"/>
  <system-out/>
  <testcase classname="org.smokeandregressionpractice.test.Class2Practice" name="test2" time="10.836"/>
  <system-out/>
  <testcase classname="org.smokeandregressionpractice.test.Class2Practice" name="test3" time="13.769"/>
  <system-out/>
</testsuite> <!-- org.smokeandregressionpractice.test.Class2Practice -->
