<?xml version="1.0" encoding="UTF-8"?>
<!-- Generated by org.testng.reporters.JUnitReportReporter -->
<testsuite hostname="Nikki" failures="0" tests="6" name="org.smokeandregressionpracticeCrossBrowser.test.Class1Practice" time="31.338" errors="0" timestamp="2022-08-18T12:52:45 IST" skipped="0">
  <testcase classname="org.smokeandregressionpracticeCrossBrowser.test.Class1Practice" name="test1" time="3.047"/>
  <system-out/>
  <testcase classname="org.smokeandregressionpracticeCrossBrowser.test.Class1Practice" name="test2" time="5.834"/>
  <system-out/>
  <testcase classname="org.smokeandregressionpracticeCrossBrowser.test.Class1Practice" name="test3" time="6.810"/>
  <system-out/>
  <testcase classname="org.smokeandregressionpracticeCrossBrowser.test.Class1Practice" name="test3" time="7.586"/>
  <system-out/>
  <testcase classname="org.smokeandregressionpracticeCrossBrowser.test.Class1Practice" name="test2" time="4.884"/>
  <system-out/>
  <testcase classname="org.smokeandregressionpracticeCrossBrowser.test.Class1Practice" name="test1" time="3.177"/>
  <system-out/>
</testsuite> <!-- org.smokeandregressionpracticeCrossBrowser.test.Class1Practice -->
