<?xml version="1.0" encoding="UTF-8"?>
<!-- Generated by org.testng.reporters.JUnitReportReporter -->
<testsuite hostname="Nikki" failures="0" tests="6" name="org.smokeandregressionpracticeCrossBrowser1.test.Class2Practice" time="176.499" errors="0" timestamp="2022-08-18T12:52:45 IST" skipped="0">
  <testcase classname="org.smokeandregressionpracticeCrossBrowser1.test.Class2Practice" name="test3" time="31.544"/>
  <system-out/>
  <testcase classname="org.smokeandregressionpracticeCrossBrowser1.test.Class2Practice" name="test1" time="27.657"/>
  <system-out/>
  <testcase classname="org.smokeandregressionpracticeCrossBrowser1.test.Class2Practice" name="test3" time="30.965"/>
  <system-out/>
  <testcase classname="org.smokeandregressionpracticeCrossBrowser1.test.Class2Practice" name="test2" time="29.384"/>
  <system-out/>
  <testcase classname="org.smokeandregressionpracticeCrossBrowser1.test.Class2Practice" name="test1" time="27.137"/>
  <system-out/>
  <testcase classname="org.smokeandregressionpracticeCrossBrowser1.test.Class2Practice" name="test2" time="29.812"/>
  <system-out/>
</testsuite> <!-- org.smokeandregressionpracticeCrossBrowser1.test.Class2Practice -->
