<?xml version="1.0" encoding="UTF-8"?>
<!-- Generated by org.testng.reporters.JUnitReportReporter -->
<testsuite hostname="Nikki" failures="0" tests="2" name="TestAnnotationPractice.testannotation" time="0.014" errors="0" timestamp="2022-08-17T12:47:23 IST" skipped="0">
  <testcase classname="TestAnnotationPractice.testannotation" name="test2" time="0.002"/>
  <system-out/>
  <testcase classname="TestAnnotationPractice.testannotation" name="test1" time="0.012"/>
  <system-out/>
</testsuite> <!-- TestAnnotationPractice.testannotation -->
