<?xml version="1.0" encoding="UTF-8"?>
<!-- Generated by org.testng.reporters.JUnitReportReporter -->
<testsuite hostname="Nikki" failures="0" tests="3" name="org.smokeandregressionpractice.test.Class1Practice" time="12.043" errors="0" timestamp="2022-08-22T15:58:09 IST" skipped="0">
  <testcase classname="org.smokeandregressionpractice.test.Class1Practice" name="test2" time="4.016"/>
  <system-out/>
  <testcase classname="org.smokeandregressionpractice.test.Class1Practice" name="test1" time="2.022"/>
  <system-out/>
  <testcase classname="org.smokeandregressionpractice.test.Class1Practice" name="test3" time="6.005"/>
  <system-out/>
</testsuite> <!-- org.smokeandregressionpractice.test.Class1Practice -->
