<?xml version="1.0" encoding="UTF-8"?>
<!-- Generated by org.testng.reporters.JUnitReportReporter -->
<testsuite hostname="Nikki" failures="0" tests="3" name="org.smokeandregressionpractice1.test.Class1Practice" time="69.691" errors="0" timestamp="2022-08-18T12:35:07 IST" skipped="0">
  <testcase classname="org.smokeandregressionpractice1.test.Class1Practice" name="test2" time="22.898"/>
  <system-out/>
  <testcase classname="org.smokeandregressionpractice1.test.Class1Practice" name="test1" time="21.102"/>
  <system-out/>
  <testcase classname="org.smokeandregressionpractice1.test.Class1Practice" name="test3" time="25.691"/>
  <system-out/>
</testsuite> <!-- org.smokeandregressionpractice1.test.Class1Practice -->
