<?xml version="1.0" encoding="UTF-8"?>
<!-- Generated by org.testng.reporters.JUnitReportReporter -->
<testsuite hostname="Nikki" failures="0" tests="2" name="org.testannotationpractice.test.testannotation" time="0.009" errors="0" timestamp="2022-08-17T12:59:32 IST" skipped="0">
  <testcase classname="org.testannotationpractice.test.testannotation" name="test2" time="0.001"/>
  <system-out/>
  <testcase classname="org.testannotationpractice.test.testannotation" name="test1" time="0.008"/>
  <system-out/>
</testsuite> <!-- org.testannotationpractice.test.testannotation -->
