<?xml version="1.0" encoding="UTF-8"?>
<!-- Generated by org.testng.reporters.JUnitReportReporter -->
<testsuite hostname="Nikki" failures="0" tests="6" name="org.smokeandregressionpracticeCrossBrowser1.test.Class1Practice" time="140.351" errors="0" timestamp="2022-08-18T12:52:45 IST" skipped="0">
  <testcase classname="org.smokeandregressionpracticeCrossBrowser1.test.Class1Practice" name="test3" time="24.875"/>
  <system-out/>
  <testcase classname="org.smokeandregressionpracticeCrossBrowser1.test.Class1Practice" name="test1" time="20.883"/>
  <system-out/>
  <testcase classname="org.smokeandregressionpracticeCrossBrowser1.test.Class1Practice" name="test3" time="25.738"/>
  <system-out/>
  <testcase classname="org.smokeandregressionpracticeCrossBrowser1.test.Class1Practice" name="test2" time="23.799"/>
  <system-out/>
  <testcase classname="org.smokeandregressionpracticeCrossBrowser1.test.Class1Practice" name="test2" time="23.709"/>
  <system-out/>
  <testcase classname="org.smokeandregressionpracticeCrossBrowser1.test.Class1Practice" name="test1" time="21.347"/>
  <system-out/>
</testsuite> <!-- org.smokeandregressionpracticeCrossBrowser1.test.Class1Practice -->
