<?xml version="1.0" encoding="UTF-8"?>
<!-- Generated by org.testng.reporters.JUnitReportReporter -->
<testsuite hostname="Nikki" failures="0" tests="6" name="org.smokeandregressionpracticeCrossBrowser.test.Class2Practice" time="70.023" errors="0" timestamp="2022-08-18T12:52:45 IST" skipped="0">
  <testcase classname="org.smokeandregressionpracticeCrossBrowser.test.Class2Practice" name="test1" time="10.025"/>
  <system-out/>
  <testcase classname="org.smokeandregressionpracticeCrossBrowser.test.Class2Practice" name="test3" time="13.154"/>
  <system-out/>
  <testcase classname="org.smokeandregressionpracticeCrossBrowser.test.Class2Practice" name="test1" time="11.193"/>
  <system-out/>
  <testcase classname="org.smokeandregressionpracticeCrossBrowser.test.Class2Practice" name="test2" time="11.312"/>
  <system-out/>
  <testcase classname="org.smokeandregressionpracticeCrossBrowser.test.Class2Practice" name="test3" time="13.357"/>
  <system-out/>
  <testcase classname="org.smokeandregressionpracticeCrossBrowser.test.Class2Practice" name="test2" time="10.982"/>
  <system-out/>
</testsuite> <!-- org.smokeandregressionpracticeCrossBrowser.test.Class2Practice -->
